Build started 2011-3-20 8:57:31.
Project "C:\Documents and Settings\WSY\桌面\MyMill\MyPhysics\MyPhysics.vcxproj" on node 2 (build target(s)).
InitializeBuildStatus:
  Creating "Release\MyPhysics.unsuccessfulbuild" because "AlwaysCreate" was specified.
ClCompile:
  D:\Program Files\Microsoft Visual Studio 10.0\VC\bin\CL.exe /c /Zi /nologo /W1 /WX- /O2 /Oy- /GL /D WIN32 /D _WINDOWS /D NDEBUG /D _MBCS /D _AFXDLL /Gm- /EHsc /MD /GS /fp:precise /Zc:wchar_t /Zc:forScope /Yc"StdAfx.h" /Fp"Release\MyPhysics.pch" /Fo"Release\\" /Fd"Release\vc100.pdb" /Gd /TP /analyze- /errorReport:prompt stdafx.cpp
  stdafx.cpp
  D:\Program Files\Microsoft Visual Studio 10.0\VC\bin\CL.exe /c /Zi /nologo /W1 /WX- /O2 /Oy- /GL /D WIN32 /D _WINDOWS /D NDEBUG /D _MBCS /D _AFXDLL /Gm- /EHsc /MD /GS /fp:precise /Zc:wchar_t /Zc:forScope /Yu"StdAfx.h" /Fp"Release\MyPhysics.pch" /Fo"Release\\" /Fd"Release\vc100.pdb" /Gd /TP /analyze- /errorReport:prompt MainFrm.cpp MyPhysics.cpp MyPhysicsDoc.cpp MyPhysicsGraph.cpp MyPhysicsView.cpp physics.cpp setDlg.cpp
  MainFrm.cpp
  MyPhysics.cpp
  MyPhysicsDoc.cpp
  MyPhysicsGraph.cpp
  MyPhysicsView.cpp
  physics.cpp
  setDlg.cpp
ResourceCompile:
  C:\Program Files\Microsoft SDKs\Windows\v7.0A\bin\rc.exe /D NDEBUG /D _AFXDLL /l"0x0804" /IRelease\ /nologo /fo"Release\MyPhysics.res" MyPhysics.rc 
Link:
  D:\Program Files\Microsoft Visual Studio 10.0\VC\bin\link.exe /ERRORREPORT:PROMPT /OUT:"C:\Documents and Settings\WSY\桌面\MyMill\Release\MyPhysics.exe" /INCREMENTAL:NO /NOLOGO SkinPPWTL.lib OpenGL32.lib glu32.lib /MANIFEST /ManifestFile:"Release\MyPhysics.exe.intermediate.manifest" /MANIFESTUAC:"level='asInvoker' uiAccess='false'" /DEBUG /PDB:"C:\Documents and Settings\WSY\桌面\MyMill\Release\MyPhysics.pdb" /SUBSYSTEM:WINDOWS /OPT:REF /OPT:ICF /LTCG /TLBID:1 /DYNAMICBASE /NXCOMPAT /IMPLIB:"C:\Documents and Settings\WSY\桌面\MyMill\Release\MyPhysics.lib" /MACHINE:X86 Release\MyPhysics.res
  Release\MainFrm.obj
  Release\MyPhysics.obj
  Release\MyPhysicsDoc.obj
  Release\MyPhysicsGraph.obj
  Release\MyPhysicsView.obj
  Release\physics.obj
  Release\setDlg.obj
  Release\stdafx.obj
  Generating code
  Finished generating code
  MyPhysics.vcxproj -> C:\Documents and Settings\WSY\桌面\MyMill\Release\MyPhysics.exe
Manifest:
  C:\Program Files\Microsoft SDKs\Windows\v7.0A\bin\mt.exe /nologo /verbose /outputresource:"C:\Documents and Settings\WSY\桌面\MyMill\Release\MyPhysics.exe;#1" /manifest Release\MyPhysics.exe.intermediate.manifest "D:\Program Files\Microsoft Visual Studio 10.0\VC\Include\Manifest\dpiaware.manifest"
FinalizeBuildStatus:
  Deleting file "Release\MyPhysics.unsuccessfulbuild".
  Touching "Release\MyPhysics.lastbuildstate".
Done Building Project "C:\Documents and Settings\WSY\桌面\MyMill\MyPhysics\MyPhysics.vcxproj" (build target(s)).

Build succeeded.

Time Elapsed 00:00:19.02
